<?xml version="1.0" encoding="UTF-8"?>
<!-- Generated by org.testng.reporters.JUnitXMLReporter -->
<testsuite hostname="SCI-DT-80" name="t1" tests="11" failures="0" timestamp="19 Jul 2017 16:26:04 GMT" time="25.519" errors="0">
  <testcase name="setData" time="0.004" classname="org.sri.dashng.manyTests"/>
  <testcase name="setData" time="0.0" classname="org.sri.dashng.manyTests"/>
  <testcase name="setData" time="0.0" classname="org.sri.dashng.manyTests"/>
  <testcase name="setData" time="0.001" classname="org.sri.dashng.manyTests"/>
  <testcase name="testMethod10" time="0.0" classname="org.sri.dashng.manyTests"/>
  <testcase name="testMethod12" time="4.001" classname="org.sri.dashng.manyTests"/>
  <testcase name="testMethod2" time="5.0" classname="org.sri.dashng.manyTests"/>
  <testcase name="testMethod4" time="10.001" classname="org.sri.dashng.manyTests"/>
  <testcase name="testMethod5" time="0.001" classname="org.sri.dashng.manyTests"/>
  <testcase name="testMethod6" time="6.001" classname="org.sri.dashng.manyTests"/>
  <testcase name="testMethod9" time="0.0" classname="org.sri.dashng.manyTests"/>
</testsuite> <!-- t1 -->
