<?xml version="1.0" encoding="UTF-8"?>
<testsuite name="TestSuite" time="24.978" tests="11" errors="0" skipped="0" failures="0">
  <properties>
[...]
</properties>
  <testcase name="setData" classname="org.sri.dashng.manyTests" time="0.004"/>
  <testcase name="setData" classname="org.sri.dashng.manyTests" time="0"/>
  <testcase name="setData" classname="org.sri.dashng.manyTests" time="0.003"/>
  <testcase name="setData" classname="org.sri.dashng.manyTests" time="0"/>
  <testcase name="testMethod10" classname="org.sri.dashng.manyTests" time="0"/>
  <testcase name="testMethod12" classname="org.sri.dashng.manyTests" time="3.995"/>
  <testcase name="testMethod2" classname="org.sri.dashng.manyTests" time="4.995"/>
  <testcase name="testMethod4" classname="org.sri.dashng.manyTests" time="9.993"/>
  <testcase name="testMethod5" classname="org.sri.dashng.manyTests" time="0"/>
  <testcase name="testMethod6" classname="org.sri.dashng.manyTests" time="5.991"/>
  <testcase name="testMethod9" classname="org.sri.dashng.manyTests" time="0"/>
</testsuite>