<?xml version="1.0" encoding="UTF-8"?>
<testng-results skipped="0" failed="0" total="11" passed="11">
  <reporter-output>
  </reporter-output>
  <suite name="suite 1" duration-ms="25519" started-at="2017-07-19T16:25:38Z" finished-at="2017-07-19T16:26:04Z">
    <groups>
      <group name="g1">
        <method signature="manyTests.setData(java.lang.String, java.lang.String)[pri:0, instance:org.sri.dashng.manyTests@880ec60]" name="setData" class="org.sri.dashng.manyTests"/>
        <method signature="manyTests.testMethod10()[pri:0, instance:org.sri.dashng.manyTests@880ec60]" name="testMethod10" class="org.sri.dashng.manyTests"/>
        <method signature="manyTests.testMethod12()[pri:0, instance:org.sri.dashng.manyTests@880ec60]" name="testMethod12" class="org.sri.dashng.manyTests"/>
        <method signature="manyTests.testMethod2()[pri:0, instance:org.sri.dashng.manyTests@880ec60]" name="testMethod2" class="org.sri.dashng.manyTests"/>
        <method signature="manyTests.testMethod4()[pri:0, instance:org.sri.dashng.manyTests@880ec60]" name="testMethod4" class="org.sri.dashng.manyTests"/>
        <method signature="manyTests.testMethod5()[pri:0, instance:org.sri.dashng.manyTests@880ec60]" name="testMethod5" class="org.sri.dashng.manyTests"/>
        <method signature="manyTests.testMethod6()[pri:0, instance:org.sri.dashng.manyTests@880ec60]" name="testMethod6" class="org.sri.dashng.manyTests"/>
        <method signature="manyTests.testMethod9()[pri:0, instance:org.sri.dashng.manyTests@880ec60]" name="testMethod9" class="org.sri.dashng.manyTests"/>
      </group> <!-- g1 -->
    </groups>
    <test name="t1" duration-ms="25519" started-at="2017-07-19T16:25:38Z" finished-at="2017-07-19T16:26:04Z">
      <class name="org.sri.dashng.manyTests">
        <test-method status="PASS" signature="setData(java.lang.String, java.lang.String)[pri:0, instance:org.sri.dashng.manyTests@880ec60]" name="setData" duration-ms="4" started-at="2017-07-19T21:55:39Z" data-provider="getData" finished-at="2017-07-19T21:55:39Z">
          <params>
            <param index="0">
              <value>
                <![CDATA[s]]>
              </value>
            </param>
            <param index="1">
              <value>
                <![CDATA[s]]>
              </value>
            </param>
          </params>
          <reporter-output>
          </reporter-output>
        </test-method> <!-- setData -->
        <test-method status="PASS" signature="setData(java.lang.String, java.lang.String)[pri:0, instance:org.sri.dashng.manyTests@880ec60]" name="setData" duration-ms="0" started-at="2017-07-19T21:55:39Z" data-provider="getData" finished-at="2017-07-19T21:55:39Z">
          <params>
            <param index="0">
              <value>
                <![CDATA[d]]>
              </value>
            </param>
            <param index="1">
              <value>
                <![CDATA[d]]>
              </value>
            </param>
          </params>
          <reporter-output>
          </reporter-output>
        </test-method> <!-- setData -->
        <test-method status="PASS" signature="setData(java.lang.String, java.lang.String)[pri:0, instance:org.sri.dashng.manyTests@880ec60]" name="setData" duration-ms="0" started-at="2017-07-19T21:55:39Z" data-provider="getData" finished-at="2017-07-19T21:55:39Z">
          <params>
            <param index="0">
              <value>
                <![CDATA[f]]>
              </value>
            </param>
            <param index="1">
              <value>
                <![CDATA[f]]>
              </value>
            </param>
          </params>
          <reporter-output>
          </reporter-output>
        </test-method> <!-- setData -->
        <test-method status="PASS" signature="setData(java.lang.String, java.lang.String)[pri:0, instance:org.sri.dashng.manyTests@880ec60]" name="setData" duration-ms="1" started-at="2017-07-19T21:55:39Z" data-provider="getData" finished-at="2017-07-19T21:55:39Z">
          <params>
            <param index="0">
              <value>
                <![CDATA[x]]>
              </value>
            </param>
            <param index="1">
              <value>
                <![CDATA[x]]>
              </value>
            </param>
          </params>
          <reporter-output>
          </reporter-output>
        </test-method> <!-- setData -->
        <test-method status="PASS" signature="testMethod10()[pri:0, instance:org.sri.dashng.manyTests@880ec60]" name="testMethod10" duration-ms="0" started-at="2017-07-19T21:55:39Z" finished-at="2017-07-19T21:55:39Z">
          <reporter-output>
          </reporter-output>
        </test-method> <!-- testMethod10 -->
        <test-method status="PASS" signature="testMethod12()[pri:0, instance:org.sri.dashng.manyTests@880ec60]" name="testMethod12" duration-ms="4001" started-at="2017-07-19T21:55:39Z" finished-at="2017-07-19T21:55:43Z">
          <reporter-output>
          </reporter-output>
        </test-method> <!-- testMethod12 -->
        <test-method status="PASS" signature="testMethod2()[pri:0, instance:org.sri.dashng.manyTests@880ec60]" name="testMethod2" duration-ms="5000" started-at="2017-07-19T21:55:43Z" finished-at="2017-07-19T21:55:48Z">
          <reporter-output>
          </reporter-output>
        </test-method> <!-- testMethod2 -->
        <test-method status="PASS" signature="testMethod4()[pri:0, instance:org.sri.dashng.manyTests@880ec60]" name="testMethod4" duration-ms="10001" started-at="2017-07-19T21:55:48Z" finished-at="2017-07-19T21:55:58Z">
          <reporter-output>
          </reporter-output>
        </test-method> <!-- testMethod4 -->
        <test-method status="PASS" signature="testMethod5()[pri:0, instance:org.sri.dashng.manyTests@880ec60]" name="testMethod5" duration-ms="1" started-at="2017-07-19T21:55:58Z" finished-at="2017-07-19T21:55:58Z">
          <reporter-output>
          </reporter-output>
        </test-method> <!-- testMethod5 -->
        <test-method status="PASS" signature="testMethod6()[pri:0, instance:org.sri.dashng.manyTests@880ec60]" name="testMethod6" duration-ms="6001" started-at="2017-07-19T21:55:58Z" finished-at="2017-07-19T21:56:04Z">
          <reporter-output>
          </reporter-output>
        </test-method> <!-- testMethod6 -->
        <test-method status="PASS" signature="testMethod9()[pri:0, instance:org.sri.dashng.manyTests@880ec60]" name="testMethod9" duration-ms="0" started-at="2017-07-19T21:56:04Z" finished-at="2017-07-19T21:56:04Z">
          <reporter-output>
          </reporter-output>
        </test-method> <!-- testMethod9 -->
      </class> <!-- org.sri.dashng.manyTests -->
    </test> <!-- t1 -->
  </suite> <!-- suite 1 -->
</testng-results>
